G:\HAKEC++\MFC\CDIAMOND\CDIAMOND\DEBUG\CDIAMOND.PCH
G:\HAKEC++\MFC\CDIAMOND\CDIAMOND\DEBUG\STDAFX.OBJ
G:\HAKEC++\MFC\CDIAMOND\CDIAMOND\DEBUG\VC110.PDB
G:\HAKEC++\MFC\CDIAMOND\CDIAMOND\DEBUG\CDIAMOND.OBJ
G:\HAKEC++\MFC\CDIAMOND\CDIAMOND\DEBUG\CDIAMONDDOC.OBJ
G:\HAKEC++\MFC\CDIAMOND\CDIAMOND\DEBUG\CDIAMONDVIEW.OBJ
G:\HAKEC++\MFC\CDIAMOND\CDIAMOND\DEBUG\CLASSVIEW.OBJ
G:\HAKEC++\MFC\CDIAMOND\CDIAMOND\DEBUG\FILEVIEW.OBJ
G:\HAKEC++\MFC\CDIAMOND\CDIAMOND\DEBUG\MAINFRM.OBJ
G:\HAKEC++\MFC\CDIAMOND\CDIAMOND\DEBUG\OUTPUTWND.OBJ
G:\HAKEC++\MFC\CDIAMOND\CDIAMOND\DEBUG\PROPERTIESWND.OBJ
G:\HAKEC++\MFC\CDIAMOND\CDIAMOND\DEBUG\VIEWTREE.OBJ
G:\HAKEC++\MFC\CDIAMOND\DEBUG\CDIAMOND.ILK
G:\HAKEC++\MFC\CDIAMOND\DEBUG\CDIAMOND.EXE
G:\HAKEC++\MFC\CDIAMOND\DEBUG\CDIAMOND.PDB
G:\HAKEC++\MFC\CDIAMOND\CDIAMOND\DEBUG\CDIAMOND.RES
G:\hakec++\MFC\Cdiamond\Cdiamond\Debug\Cdiamond.obj
G:\hakec++\MFC\Cdiamond\Cdiamond\Debug\CdiamondDoc.obj
G:\hakec++\MFC\Cdiamond\Cdiamond\Debug\CdiamondView.obj
G:\hakec++\MFC\Cdiamond\Cdiamond\Debug\ClassView.obj
G:\hakec++\MFC\Cdiamond\Cdiamond\Debug\FileView.obj
G:\hakec++\MFC\Cdiamond\Cdiamond\Debug\MainFrm.obj
G:\hakec++\MFC\Cdiamond\Cdiamond\Debug\OutputWnd.obj
G:\hakec++\MFC\Cdiamond\Cdiamond\Debug\PropertiesWnd.obj
G:\hakec++\MFC\Cdiamond\Cdiamond\Debug\stdafx.obj
G:\hakec++\MFC\Cdiamond\Cdiamond\Debug\ViewTree.obj
G:\hakec++\MFC\Cdiamond\Cdiamond\Debug\cl.command.1.tlog
G:\hakec++\MFC\Cdiamond\Cdiamond\Debug\CL.read.1.tlog
G:\hakec++\MFC\Cdiamond\Cdiamond\Debug\CL.write.1.tlog
G:\hakec++\MFC\Cdiamond\Cdiamond\Debug\link-cvtres.read.1.tlog
G:\hakec++\MFC\Cdiamond\Cdiamond\Debug\link-cvtres.write.1.tlog
G:\hakec++\MFC\Cdiamond\Cdiamond\Debug\link-mt.read.1.tlog
G:\hakec++\MFC\Cdiamond\Cdiamond\Debug\link-mt.write.1.tlog
G:\hakec++\MFC\Cdiamond\Cdiamond\Debug\link-rc.read.1.tlog
G:\hakec++\MFC\Cdiamond\Cdiamond\Debug\link-rc.write.1.tlog
G:\hakec++\MFC\Cdiamond\Cdiamond\Debug\link.command.1.tlog
G:\hakec++\MFC\Cdiamond\Cdiamond\Debug\link.read.1.tlog
G:\hakec++\MFC\Cdiamond\Cdiamond\Debug\link.write.1.tlog
G:\hakec++\MFC\Cdiamond\Cdiamond\Debug\rc.command.1.tlog
G:\hakec++\MFC\Cdiamond\Cdiamond\Debug\rc.read.1.tlog
G:\hakec++\MFC\Cdiamond\Cdiamond\Debug\rc.write.1.tlog
G:\hakec++\MFC\Cdiamond\Cdiamond\Debug\Cdiamond.res
G:\hakec++\MFC\Cdiamond\Cdiamond\Debug\Cdiamond.pch
G:\hakec++\MFC\Cdiamond\Cdiamond\Debug\vc110.idb
G:\hakec++\MFC\Cdiamond\Cdiamond\Debug\vc110.pdb
G:\hakec++\MFC\Cdiamond\Debug\Cdiamond.pdb
G:\hakec++\MFC\Cdiamond\Debug\Cdiamond.exe
G:\hakec++\MFC\Cdiamond\Debug\Cdiamond.ilk
